<?xml version="1.0" encoding="UTF-8"?>
<!-- Generated by org.testng.reporters.JUnitXMLReporter -->
<testsuite ignored="0" hostname="TS1WLKP" failures="1" tests="4" name="Surefire test" time="100.405" errors="0" timestamp="2023-08-23T15:26:54 IST">
  <testcase classname="test.AddToCartTest" name="addToCart" time="19.485"/>
  <testcase classname="test.LoginTest" name="login" time="15.831"/>
  <testcase classname="test.LoginTest" name="login" time="25.731"/>
  <testcase classname="test.RegisterTest" name="register" time="26.524">
    <failure type="java.lang.AssertionError">
      <![CDATA[java.lang.AssertionError
at org.junit.Assert.fail(Assert.java:86)
at org.junit.Assert.assertTrue(Assert.java:41)
at org.junit.Assert.assertTrue(Assert.java:52)
at test.RegisterTest.register(RegisterTest.java:91)
at java.base/java.util.ArrayList.forEach(ArrayList.java:1511)
... Removed 30 stack frames]]>
    </failure>
  </testcase> <!-- register -->
</testsuite> <!-- Surefire test -->
