<?xml version="1.0" encoding="UTF-8"?>
<testng-results ignored="0" total="4" passed="3" failed="1" skipped="0">
  <reporter-output>
  </reporter-output>
  <suite started-at="2023-08-23T15:24:13 IST" name="Suite" finished-at="2023-08-23T15:25:03 IST" duration-ms="50113">
    <groups>
    </groups>
    <test started-at="2023-08-23T15:24:13 IST" name="AddToCartTest" finished-at="2023-08-23T15:24:37 IST" duration-ms="23756">
      <class name="test.AddToCartTest">
        <test-method is-config="true" signature="LaunchBrowser()[pri:0, instance:test.AddToCartTest@6155d082]" started-at="2023-08-23T15:24:13 IST" name="LaunchBrowser" finished-at="2023-08-23T15:24:17 IST" duration-ms="4186" status="PASS">
          <reporter-output>
          </reporter-output>
        </test-method> <!-- LaunchBrowser -->
        <test-method signature="addToCart(java.lang.String,java.lang.String)[pri:0, instance:test.AddToCartTest@6155d082]" started-at="2023-08-23T15:24:17 IST" name="addToCart" data-provider="getLoginData" finished-at="2023-08-23T15:24:37 IST" duration-ms="19302" status="PASS">
          <params>
            <param index="0">
              <value>
                <![CDATA[arun.selenium@gmail.com]]>
              </value>
            </param>
            <param index="1">
              <value>
                <![CDATA[Second@123]]>
              </value>
            </param>
          </params>
          <reporter-output>
          </reporter-output>
        </test-method> <!-- addToCart -->
        <test-method is-config="true" signature="closeBrowser()[pri:0, instance:test.AddToCartTest@6155d082]" started-at="2023-08-23T15:24:37 IST" name="closeBrowser" finished-at="2023-08-23T15:24:37 IST" duration-ms="253" status="PASS">
          <reporter-output>
          </reporter-output>
        </test-method> <!-- closeBrowser -->
      </class> <!-- test.AddToCartTest -->
    </test> <!-- AddToCartTest -->
    <test started-at="2023-08-23T15:24:13 IST" name="RegisterTest" finished-at="2023-08-23T15:24:43 IST" duration-ms="30184">
      <class name="test.RegisterTest">
        <test-method is-config="true" signature="LaunchBrowser()[pri:0, instance:test.RegisterTest@38aa816f]" started-at="2023-08-23T15:24:13 IST" name="LaunchBrowser" finished-at="2023-08-23T15:24:17 IST" duration-ms="3449" status="PASS">
          <reporter-output>
          </reporter-output>
        </test-method> <!-- LaunchBrowser -->
        <test-method signature="register()[pri:0, instance:test.RegisterTest@38aa816f]" started-at="2023-08-23T15:24:17 IST" name="register" finished-at="2023-08-23T15:24:43 IST" duration-ms="26276" status="FAIL">
          <exception class="java.lang.AssertionError">
            <full-stacktrace>
              <![CDATA[java.lang.AssertionError
at org.junit.Assert.fail(Assert.java:86)
at org.junit.Assert.assertTrue(Assert.java:41)
at org.junit.Assert.assertTrue(Assert.java:52)
at test.RegisterTest.register(RegisterTest.java:91)
at java.base/jdk.internal.reflect.NativeMethodAccessorImpl.invoke0(Native Method)
at java.base/jdk.internal.reflect.NativeMethodAccessorImpl.invoke(NativeMethodAccessorImpl.java:77)
at java.base/jdk.internal.reflect.DelegatingMethodAccessorImpl.invoke(DelegatingMethodAccessorImpl.java:43)
at java.base/java.lang.reflect.Method.invoke(Method.java:568)
at org.testng.internal.MethodInvocationHelper.invokeMethod(MethodInvocationHelper.java:133)
at org.testng.internal.TestInvoker.invokeMethod(TestInvoker.java:598)
at org.testng.internal.TestInvoker.invokeTestMethod(TestInvoker.java:173)
at org.testng.internal.MethodRunner.runInSequence(MethodRunner.java:46)
at org.testng.internal.TestInvoker$MethodInvocationAgent.invoke(TestInvoker.java:824)
at org.testng.internal.TestInvoker.invokeTestMethods(TestInvoker.java:146)
at org.testng.internal.TestMethodWorker.invokeTestMethods(TestMethodWorker.java:146)
at org.testng.internal.TestMethodWorker.run(TestMethodWorker.java:128)
at java.base/java.util.ArrayList.forEach(ArrayList.java:1511)
at org.testng.TestRunner.privateRun(TestRunner.java:794)
at org.testng.TestRunner.run(TestRunner.java:596)
at org.testng.SuiteRunner.runTest(SuiteRunner.java:377)
at org.testng.SuiteRunner.access$000(SuiteRunner.java:28)
at org.testng.SuiteRunner$SuiteWorker.run(SuiteRunner.java:418)
at org.testng.internal.thread.ThreadUtil.lambda$execute$0(ThreadUtil.java:64)
at java.base/java.util.concurrent.FutureTask.run(FutureTask.java:264)
at java.base/java.util.concurrent.ThreadPoolExecutor.runWorker(ThreadPoolExecutor.java:1136)
at java.base/java.util.concurrent.ThreadPoolExecutor$Worker.run(ThreadPoolExecutor.java:635)
at java.base/java.lang.Thread.run(Thread.java:833)
]]>
            </full-stacktrace>
          </exception> <!-- java.lang.AssertionError -->
          <reporter-output>
          </reporter-output>
        </test-method> <!-- register -->
        <test-method is-config="true" signature="closeBrowser()[pri:0, instance:test.RegisterTest@38aa816f]" started-at="2023-08-23T15:24:43 IST" name="closeBrowser" finished-at="2023-08-23T15:24:43 IST" duration-ms="179" status="PASS">
          <reporter-output>
          </reporter-output>
        </test-method> <!-- closeBrowser -->
      </class> <!-- test.RegisterTest -->
    </test> <!-- RegisterTest -->
    <test started-at="2023-08-23T15:24:13 IST" name="LoginTest" finished-at="2023-08-23T15:25:03 IST" duration-ms="50113">
      <class name="test.LoginTest">
        <test-method is-config="true" signature="LaunchBrowser()[pri:0, instance:test.LoginTest@1fde5d22]" started-at="2023-08-23T15:24:13 IST" name="LaunchBrowser" finished-at="2023-08-23T15:24:18 IST" duration-ms="4363" status="PASS">
          <reporter-output>
          </reporter-output>
        </test-method> <!-- LaunchBrowser -->
        <test-method signature="login(java.lang.String,java.lang.String,java.lang.String)[pri:0, instance:test.LoginTest@1fde5d22]" started-at="2023-08-23T15:24:18 IST" name="login" data-provider="getLoginData" finished-at="2023-08-23T15:24:33 IST" duration-ms="15828" status="PASS">
          <params>
            <param index="0">
              <value>
                <![CDATA[arun.selenium@gmail.com]]>
              </value>
            </param>
            <param index="1">
              <value>
                <![CDATA[Second@123]]>
              </value>
            </param>
            <param index="2">
              <value>
                <![CDATA[SuccessFull]]>
              </value>
            </param>
          </params>
          <reporter-output>
          </reporter-output>
        </test-method> <!-- login -->
        <test-method is-config="true" signature="closeBrowser()[pri:0, instance:test.LoginTest@1fde5d22]" started-at="2023-08-23T15:24:34 IST" name="closeBrowser" finished-at="2023-08-23T15:24:34 IST" duration-ms="126" status="PASS">
          <reporter-output>
          </reporter-output>
        </test-method> <!-- closeBrowser -->
        <test-method is-config="true" signature="LaunchBrowser()[pri:0, instance:test.LoginTest@1fde5d22]" started-at="2023-08-23T15:24:34 IST" name="LaunchBrowser" finished-at="2023-08-23T15:24:37 IST" duration-ms="3849" status="PASS">
          <reporter-output>
          </reporter-output>
        </test-method> <!-- LaunchBrowser -->
        <test-method signature="login(java.lang.String,java.lang.String,java.lang.String)[pri:0, instance:test.LoginTest@1fde5d22]" started-at="2023-08-23T15:24:37 IST" name="login" data-provider="getLoginData" finished-at="2023-08-23T15:25:03 IST" duration-ms="25799" status="PASS">
          <params>
            <param index="0">
              <value>
                <![CDATA[dummy@test.com]]>
              </value>
            </param>
            <param index="1">
              <value>
                <![CDATA[dummy]]>
              </value>
            </param>
            <param index="2">
              <value>
                <![CDATA[failure]]>
              </value>
            </param>
          </params>
          <reporter-output>
          </reporter-output>
        </test-method> <!-- login -->
        <test-method is-config="true" signature="closeBrowser()[pri:0, instance:test.LoginTest@1fde5d22]" started-at="2023-08-23T15:25:03 IST" name="closeBrowser" finished-at="2023-08-23T15:25:03 IST" duration-ms="121" status="PASS">
          <reporter-output>
          </reporter-output>
        </test-method> <!-- closeBrowser -->
      </class> <!-- test.LoginTest -->
    </test> <!-- LoginTest -->
  </suite> <!-- Suite -->
</testng-results>
